<?xml version="1.0" encoding="UTF-8"?>
<!-- Generated by org.testng.reporters.JUnitReportReporter -->
<testsuite hostname="DESKTOP-EQ55Q8H" failures="0" tests="1" name="test2.C2_Demo2" time="16.351" errors="0" timestamp="2024-11-26T12:36:44 IST" skipped="0">
  <testcase classname="test2.C2_Demo2" name="Admin" time="16.351"/>
  <system-out/>
</testsuite> <!-- test2.C2_Demo2 -->
