<?xml version="1.0" encoding="UTF-8"?>
<!-- Generated by org.testng.reporters.JUnitReportReporter -->
<testsuite hostname="DESKTOP-EQ55Q8H" failures="0" tests="5" name="test.OrangeHRMTest" time="64.857" errors="0" timestamp="2024-11-26T11:03:26 IST" skipped="0">
  <testcase classname="test.OrangeHRMTest" name="testLogin" time="13.074"/>
  <system-out/>
  <testcase classname="test.OrangeHRMTest" name="testLogin" time="12.044"/>
  <system-out/>
  <testcase classname="test.OrangeHRMTest" name="testLogin" time="13.425"/>
  <system-out/>
  <testcase classname="test.OrangeHRMTest" name="testLogin" time="14.542"/>
  <system-out/>
  <testcase classname="test.OrangeHRMTest" name="testLogin" time="11.772"/>
  <system-out/>
</testsuite> <!-- test.OrangeHRMTest -->
