<?xml version="1.0" encoding="UTF-8"?>
<!-- Generated by org.testng.reporters.JUnitReportReporter -->
<testsuite hostname="DESKTOP-EQ55Q8H" failures="0" tests="1" name="project.Client" time="23.462" errors="0" timestamp="2024-11-28T09:51:51 IST" skipped="0">
  <testcase classname="project.Client" name="testLogin_Adminpage" time="23.462"/>
  <system-out/>
</testsuite> <!-- project.Client -->
