<?xml version="1.0" encoding="UTF-8"?>
<!-- Generated by org.testng.reporters.JUnitReportReporter -->
<testsuite hostname="DESKTOP-EQ55Q8H" failures="0" tests="5" name="test.OrangeHRMTest" time="330.430" errors="0" timestamp="2024-11-18T18:26:29 IST" skipped="0">
  <testcase classname="test.OrangeHRMTest" name="testLogin" time="57.414"/>
  <system-out/>
  <testcase classname="test.OrangeHRMTest" name="testLogin" time="38.784"/>
  <system-out/>
  <testcase classname="test.OrangeHRMTest" name="testLogin" time="118.591"/>
  <system-out/>
  <testcase classname="test.OrangeHRMTest" name="testLogin" time="64.677"/>
  <system-out/>
  <testcase classname="test.OrangeHRMTest" name="testLogin" time="50.964"/>
  <system-out/>
</testsuite> <!-- test.OrangeHRMTest -->
