<?xml version="1.0" encoding="UTF-8"?>
<!-- Generated by org.testng.reporters.JUnitReportReporter -->
<testsuite hostname="DESKTOP-EQ55Q8H" failures="0" tests="5" name="test1.CreateLoginFile" time="0.112" errors="0" timestamp="2024-11-23T13:34:57 IST" skipped="0">
  <testcase classname="test1.CreateLoginFile" name="createLoginData" time="0.016"/>
  <system-out/>
  <testcase classname="test1.CreateLoginFile" name="createLoginData" time="0.073"/>
  <system-out/>
  <testcase classname="test1.CreateLoginFile" name="createLoginData" time="0.008"/>
  <system-out/>
  <testcase classname="test1.CreateLoginFile" name="createLoginData" time="0.004"/>
  <system-out/>
  <testcase classname="test1.CreateLoginFile" name="createLoginData" time="0.011"/>
  <system-out/>
</testsuite> <!-- test1.CreateLoginFile -->
