<?xml version="1.0" encoding="UTF-8"?>
<!-- Generated by org.testng.reporters.JUnitReportReporter -->
<testsuite hostname="DESKTOP-EQ55Q8H" failures="0" tests="5" name="capestone_project_StarAgile.OrangeHRM" time="55.471" errors="0" timestamp="2024-11-28T10:38:21 IST" skipped="0">
  <testcase classname="capestone_project_StarAgile.OrangeHRM" name="Ohrmlogin" time="10.493"/>
  <system-out/>
  <testcase classname="capestone_project_StarAgile.OrangeHRM" name="Ohrmlogin" time="13.570"/>
  <system-out/>
  <testcase classname="capestone_project_StarAgile.OrangeHRM" name="Ohrmlogin" time="8.859"/>
  <system-out/>
  <testcase classname="capestone_project_StarAgile.OrangeHRM" name="Ohrmlogin" time="10.576"/>
  <system-out/>
  <testcase classname="capestone_project_StarAgile.OrangeHRM" name="Ohrmlogin" time="11.973"/>
  <system-out/>
</testsuite> <!-- capestone_project_StarAgile.OrangeHRM -->
