<?xml version="1.0" encoding="UTF-8"?>
<!-- Generated by org.testng.reporters.JUnitReportReporter -->
<testsuite hostname="DESKTOP-EQ55Q8H" failures="0" tests="1" name="test1.ExcelReader" time="1.204" errors="0" timestamp="2024-11-23T13:38:04 IST" skipped="0">
  <testcase classname="test1.ExcelReader" name="dataRead" time="1.204"/>
  <system-out/>
</testsuite> <!-- test1.ExcelReader -->
