<?xml version="1.0" encoding="UTF-8"?>
<!-- Generated by org.testng.reporters.JUnitReportReporter -->
<testsuite hostname="DESKTOP-EQ55Q8H" failures="0" tests="1" name="capestone_project_StarAgile.Client" time="23.439" errors="0" timestamp="2024-11-28T10:54:18 IST" skipped="0">
  <testcase classname="capestone_project_StarAgile.Client" name="testLogin_Adminpage" time="23.439"/>
  <system-out/>
</testsuite> <!-- capestone_project_StarAgile.Client -->
