<?xml version="1.0" encoding="UTF-8"?>
<!-- Generated by org.testng.reporters.JUnitReportReporter -->
<testsuite hostname="DESKTOP-EQ55Q8H" failures="0" tests="5" name="project.OrangeHRM" time="63.806" errors="0" timestamp="2024-11-27T16:26:07 IST" skipped="0">
  <testcase classname="project.OrangeHRM" name="Ohrmlogin" time="9.869"/>
  <system-out/>
  <testcase classname="project.OrangeHRM" name="Ohrmlogin" time="10.829"/>
  <system-out/>
  <testcase classname="project.OrangeHRM" name="Ohrmlogin" time="14.269"/>
  <system-out/>
  <testcase classname="project.OrangeHRM" name="Ohrmlogin" time="10.316"/>
  <system-out/>
  <testcase classname="project.OrangeHRM" name="Ohrmlogin" time="18.523"/>
  <system-out/>
</testsuite> <!-- project.OrangeHRM -->
